Using pre-set license
Built from '2020.3/staging' branch; Version is '2020.3.28f1 (f5400f52e03f) revision 16072719'; Using compiler version '192528614'; Build Type 'Release'
OS: 'Windows 10  (10.0.19044) 64bit Professional' Language: 'es' Physical Memory: 8191 MB
BatchMode: 1, IsHumanControllingUs: 0, StartBugReporterOnCrash: 0, Is64bit: 1, IsPro: 0

COMMAND LINE ARGUMENTS:
C:\Program Files\Unity\Hub\Editor\2020.3.28f1\Editor\Unity.exe
-adb2
-batchMode
-noUpm
-name
AssetImportWorker0
-projectPath
C:/Users/sjo/Unity/My project
-logFile
Logs/AssetImportWorker0.log
-srvPort
61776
Successfully changed project path to: C:/Users/sjo/Unity/My project
C:/Users/sjo/Unity/My project
Using Asset Import Pipeline V2.
Refreshing native plugins compatible for Editor in 59.69 ms, found 3 plugins.
Preloading 0 native plugins for Editor in 0.00 ms.
Initialize engine version: 2020.3.28f1 (f5400f52e03f)
[Subsystems] Discovering subsystems at path C:/Program Files/Unity/Hub/Editor/2020.3.28f1/Editor/Data/Resources/UnitySubsystems
[Subsystems] Discovering subsystems at path C:/Users/sjo/Unity/My project/Assets
GfxDevice: creating device client; threaded=0
Direct3D:
    Version:  Direct3D 11.0 [level 11.1]
    Renderer: Microsoft Basic Render Driver (ID=0x8c)
    Vendor:   
    VRAM:     4095 MB
Initialize mono
Mono path[0] = 'C:/Program Files/Unity/Hub/Editor/2020.3.28f1/Editor/Data/Managed'
Mono path[1] = 'C:/Program Files/Unity/Hub/Editor/2020.3.28f1/Editor/Data/MonoBleedingEdge/lib/mono/unityjit'
Mono config path = 'C:/Program Files/Unity/Hub/Editor/2020.3.28f1/Editor/Data/MonoBleedingEdge/etc'
Using monoOptions --debugger-agent=transport=dt_socket,embedding=1,server=y,suspend=n,address=127.0.0.1:56280
Begin MonoManager ReloadAssembly
Registering precompiled unity dll's ...
Register platform support module: C:/Program Files/Unity/Hub/Editor/2020.3.28f1/Editor/Data/PlaybackEngines/WindowsStandaloneSupport/UnityEditor.WindowsStandalone.Extensions.dll
Registered in 0.001638 seconds.
Native extension for WindowsStandalone target not found
Refreshing native plugins compatible for Editor in 54.36 ms, found 3 plugins.
Preloading 0 native plugins for Editor in 0.00 ms.
Mono: successfully reloaded assembly
- Completed reload, in  0.639 seconds
Domain Reload Profiling:
	ReloadAssembly (639ms)
		BeginReloadAssembly (84ms)
			ExecutionOrderSort (0ms)
			DisableScriptedObjects (0ms)
			BackupInstance (0ms)
			ReleaseScriptingObjects (0ms)
			CreateAndSetChildDomain (1ms)
		EndReloadAssembly (468ms)
			LoadAssemblies (82ms)
			RebuildTransferFunctionScriptingTraits (0ms)
			SetupTypeCache (145ms)
			ReleaseScriptCaches (0ms)
			RebuildScriptCaches (36ms)
			SetupLoadedEditorAssemblies (186ms)
				LogAssemblyErrors (0ms)
				InitializePlatformSupportModulesInManaged (4ms)
				SetLoadedEditorAssemblies (0ms)
				RefreshPlugins (54ms)
				BeforeProcessingInitializeOnLoad (17ms)
				ProcessInitializeOnLoadAttributes (83ms)
				ProcessInitializeOnLoadMethodAttributes (27ms)
				AfterProcessingInitializeOnLoad (0ms)
				EditorAssembliesLoaded (0ms)
			ExecutionOrderSort2 (0ms)
			AwakeInstancesAfterBackupRestoration (0ms)
Platform modules already initialized, skipping
Registering precompiled user dll's ...
Registered in 0.003652 seconds.
Begin MonoManager ReloadAssembly
Native extension for WindowsStandalone target not found
Refreshing native plugins compatible for Editor in 55.72 ms, found 3 plugins.
Preloading 0 native plugins for Editor in 0.00 ms.
Mono: successfully reloaded assembly
- Completed reload, in  1.366 seconds
Domain Reload Profiling:
	ReloadAssembly (1366ms)
		BeginReloadAssembly (183ms)
			ExecutionOrderSort (0ms)
			DisableScriptedObjects (5ms)
			BackupInstance (0ms)
			ReleaseScriptingObjects (1ms)
			CreateAndSetChildDomain (32ms)
		EndReloadAssembly (1123ms)
			LoadAssemblies (106ms)
			RebuildTransferFunctionScriptingTraits (0ms)
			SetupTypeCache (341ms)
			ReleaseScriptCaches (1ms)
			RebuildScriptCaches (61ms)
			SetupLoadedEditorAssemblies (474ms)
				LogAssemblyErrors (0ms)
				InitializePlatformSupportModulesInManaged (5ms)
				SetLoadedEditorAssemblies (0ms)
				RefreshPlugins (56ms)
				BeforeProcessingInitializeOnLoad (98ms)
				ProcessInitializeOnLoadAttributes (283ms)
				ProcessInitializeOnLoadMethodAttributes (26ms)
				AfterProcessingInitializeOnLoad (7ms)
				EditorAssembliesLoaded (0ms)
			ExecutionOrderSort2 (0ms)
			AwakeInstancesAfterBackupRestoration (7ms)
Platform modules already initialized, skipping
========================================================================
Worker process is ready to serve import requests
Launched and connected shader compiler UnityShaderCompiler.exe after 0.08 seconds
Refreshing native plugins compatible for Editor in 0.68 ms, found 3 plugins.
Preloading 0 native plugins for Editor in 0.00 ms.
Unloading 2535 Unused Serialized files (Serialized files now loaded: 0)
System memory in use before: 109.0 MB.
System memory in use after: 109.1 MB.

Unloading 37 unused Assets to reduce memory usage. Loaded Objects now: 2963.
Total: 3.897400 ms (FindLiveObjects: 0.321500 ms CreateObjectMapping: 0.096100 ms MarkObjects: 3.323200 ms  DeleteObjects: 0.155400 ms)

AssetImportParameters requested are different than current active one (requested -> active):
  custom:framework-win-MediaFoundation: 216162199b28c13a410421893ffa2e32 -> 
  custom:video-decoder-ogg-theora: a1e56fd34408186e4bbccfd4996cb3dc -> 
  custom:container-muxer-webm: aa71ff27fc2769a1b78a27578f13a17b -> 
  custom:container-demuxer-webm: 4f35f7cbe854078d1ac9338744f61a02 -> 
  custom:container-demuxer-ogg: 62fdf1f143b41e24485cea50d1cbac27 -> 
  custom:video-encoder-webm-vp8: eb34c28f22e8b96e1ab97ce403110664 -> 
  custom:video-decoder-webm-vp8: 9c59270c3fd7afecdb556c50c9e8de78 -> 
  custom:audio-decoder-ogg-vorbis: bf7c407c2cedff20999df2af8eb42d56 -> 
  custom:audio-encoder-webm-vorbis: bf7c407c2cedff20999df2af8eb42d56 -> 
========================================================================
Received Import Request.
  path: Assets/EasyInputSystem/EasyInputParent.prefab
  artifactKey: Guid(771785fbc78a4914ab22b775d3e212db) Importer(815301076,1909f56bfc062723c751e8b465ee728b)
Start importing Assets/EasyInputSystem/EasyInputParent.prefab using Guid(771785fbc78a4914ab22b775d3e212db) Importer(815301076,1909f56bfc062723c751e8b465ee728b) Diagnostics callstack to track who triggered the sub-import:
0x00007ff6682fce12 (Unity) ImporterAssetResolver::ResolveAsset
0x00007ff6682cebc2 (Unity) ResolveArtifactV2
0x00007ff6682e7d60 (Unity) ImportToObjects
0x00007ff6682e71a8 (Unity) ImportAsset
0x00007ff668281238 (Unity) AssetImportWorker::Import
0x00007ff6682a691a (Unity) <lambda_4a0f5575432e8e69ec585d1ca7897980>::operator()
0x00007ff66832e2f2 (Unity) asio::detail::completion_handler<core::mutable_function<void __cdecl(void)> >::do_complete
0x00007ff668330450 (Unity) asio::detail::win_iocp_io_service::do_one
0x00007ff668333bce (Unity) asio::io_service::run
0x00007ff6682cf8db (Unity) RunAssetImportWorkerClientV2
0x00007ff6682cf930 (Unity) RunAssetImporterV2
0x00007ff667d75b49 (Unity) Application::InitializeProject
0x00007ff6681cb4f2 (Unity) WinMain
0x00007ff66985bd4e (Unity) __scrt_common_main_seh
0x00007ffef4c87034 (KERNEL32) BaseThreadInitThunk
0x00007ffef5a62651 (ntdll) RtlUserThreadStart

Requesting import of Guid(771785fbc78a4914ab22b775d3e212db) Importer(-1,00000000000000000000000000000000), Assets/EasyInputSystem/EasyInputParent.prefab from editor
Resuming Guid(771785fbc78a4914ab22b775d3e212db) Importer(-1,00000000000000000000000000000000) -> 6c03dd531862dcd56e6b13b4d4314fd4 
Assertion failed on expression: 'state.state == kUpToDate'
Assertion failed on expression: 'state.artifactID == result'
Diagnostics callstack to track who triggered the sub-import:
0x00007ff6682fce12 (Unity) ImporterAssetResolver::ResolveAsset
0x00007ff6682cebc2 (Unity) ResolveArtifactV2
0x00007ff6682c6cb1 (Unity) ProduceArtifactV2
0x00007ff66825ce5e (Unity) AssetDatabase::ProduceArtifact
0x00007ff668246db8 (Unity) PreviewImporter::GenerateAssetData
0x00007ff6682e8132 (Unity) ImportToObjects
0x00007ff6682e71a8 (Unity) ImportAsset
0x00007ff668281238 (Unity) AssetImportWorker::Import
0x00007ff6682a691a (Unity) <lambda_4a0f5575432e8e69ec585d1ca7897980>::operator()
0x00007ff66832e2f2 (Unity) asio::detail::completion_handler<core::mutable_function<void __cdecl(void)> >::do_complete
0x00007ff668330450 (Unity) asio::detail::win_iocp_io_service::do_one
0x00007ff668333bce (Unity) asio::io_service::run
0x00007ff6682cf8db (Unity) RunAssetImportWorkerClientV2
0x00007ff6682cf930 (Unity) RunAssetImporterV2
0x00007ff667d75b49 (Unity) Application::InitializeProject
0x00007ff6681cb4f2 (Unity) WinMain
0x00007ff66985bd4e (Unity) __scrt_common_main_seh
0x00007ffef4c87034 (KERNEL32) BaseThreadInitThunk
0x00007ffef5a62651 (ntdll) RtlUserThreadStart

Requesting import of Guid(771785fbc78a4914ab22b775d3e212db) Importer(-1,00000000000000000000000000000000), Assets/EasyInputSystem/EasyInputParent.prefab from editor
Resuming Guid(771785fbc78a4914ab22b775d3e212db) Importer(-1,00000000000000000000000000000000) -> 6c03dd531862dcd56e6b13b4d4314fd4 
Assertion failed on expression: 'state.state == kUpToDate'
Assertion failed on expression: 'state.artifactID == result'
 -> (artifact id: 'e30d6726a6f8b9d5eee3c43a090c8912') in 0.498021 seconds 
  Import took 0.502348 seconds .

========================================================================
Received Import Request.
  Time since last request: 5.174979 seconds.
  path: Assets/EasyInputSystem/EasyInputParent.prefab
  artifactKey: Guid(771785fbc78a4914ab22b775d3e212db) Importer(815301076,1909f56bfc062723c751e8b465ee728b)
Start importing Assets/EasyInputSystem/EasyInputParent.prefab using Guid(771785fbc78a4914ab22b775d3e212db) Importer(815301076,1909f56bfc062723c751e8b465ee728b) Diagnostics callstack to track who triggered the sub-import:
0x00007ff6682fce12 (Unity) ImporterAssetResolver::ResolveAsset
0x00007ff6682cebc2 (Unity) ResolveArtifactV2
0x00007ff6682e7d60 (Unity) ImportToObjects
0x00007ff6682e71a8 (Unity) ImportAsset
0x00007ff668281238 (Unity) AssetImportWorker::Import
0x00007ff6682a691a (Unity) <lambda_4a0f5575432e8e69ec585d1ca7897980>::operator()
0x00007ff66832e2f2 (Unity) asio::detail::completion_handler<core::mutable_function<void __cdecl(void)> >::do_complete
0x00007ff668330450 (Unity) asio::detail::win_iocp_io_service::do_one
0x00007ff668333bce (Unity) asio::io_service::run
0x00007ff6682cf8db (Unity) RunAssetImportWorkerClientV2
0x00007ff6682cf930 (Unity) RunAssetImporterV2
0x00007ff667d75b49 (Unity) Application::InitializeProject
0x00007ff6681cb4f2 (Unity) WinMain
0x00007ff66985bd4e (Unity) __scrt_common_main_seh
0x00007ffef4c87034 (KERNEL32) BaseThreadInitThunk
0x00007ffef5a62651 (ntdll) RtlUserThreadStart

Requesting import of Guid(771785fbc78a4914ab22b775d3e212db) Importer(-1,00000000000000000000000000000000), Assets/EasyInputSystem/EasyInputParent.prefab from editor
Resuming Guid(771785fbc78a4914ab22b775d3e212db) Importer(-1,00000000000000000000000000000000) -> 6c03dd531862dcd56e6b13b4d4314fd4 
Assertion failed on expression: 'state.state == kUpToDate'
Assertion failed on expression: 'state.artifactID == result'
Diagnostics callstack to track who triggered the sub-import:
0x00007ff6682fce12 (Unity) ImporterAssetResolver::ResolveAsset
0x00007ff6682cebc2 (Unity) ResolveArtifactV2
0x00007ff6682c6cb1 (Unity) ProduceArtifactV2
0x00007ff66825ce5e (Unity) AssetDatabase::ProduceArtifact
0x00007ff668246db8 (Unity) PreviewImporter::GenerateAssetData
0x00007ff6682e8132 (Unity) ImportToObjects
0x00007ff6682e71a8 (Unity) ImportAsset
0x00007ff668281238 (Unity) AssetImportWorker::Import
0x00007ff6682a691a (Unity) <lambda_4a0f5575432e8e69ec585d1ca7897980>::operator()
0x00007ff66832e2f2 (Unity) asio::detail::completion_handler<core::mutable_function<void __cdecl(void)> >::do_complete
0x00007ff668330450 (Unity) asio::detail::win_iocp_io_service::do_one
0x00007ff668333bce (Unity) asio::io_service::run
0x00007ff6682cf8db (Unity) RunAssetImportWorkerClientV2
0x00007ff6682cf930 (Unity) RunAssetImporterV2
0x00007ff667d75b49 (Unity) Application::InitializeProject
0x00007ff6681cb4f2 (Unity) WinMain
0x00007ff66985bd4e (Unity) __scrt_common_main_seh
0x00007ffef4c87034 (KERNEL32) BaseThreadInitThunk
0x00007ffef5a62651 (ntdll) RtlUserThreadStart

Requesting import of Guid(771785fbc78a4914ab22b775d3e212db) Importer(-1,00000000000000000000000000000000), Assets/EasyInputSystem/EasyInputParent.prefab from editor
Resuming Guid(771785fbc78a4914ab22b775d3e212db) Importer(-1,00000000000000000000000000000000) -> 6c03dd531862dcd56e6b13b4d4314fd4 
Assertion failed on expression: 'state.state == kUpToDate'
Assertion failed on expression: 'state.artifactID == result'
 -> (artifact id: 'e30d6726a6f8b9d5eee3c43a090c8912') in 0.019827 seconds 
  Import took 0.030392 seconds .

========================================================================
Received Import Request.
  Time since last request: 8.185132 seconds.
  path: Assets/EasyInputSystem/EasyInputParent.prefab
  artifactKey: Guid(771785fbc78a4914ab22b775d3e212db) Importer(815301076,1909f56bfc062723c751e8b465ee728b)
Start importing Assets/EasyInputSystem/EasyInputParent.prefab using Guid(771785fbc78a4914ab22b775d3e212db) Importer(815301076,1909f56bfc062723c751e8b465ee728b) Diagnostics callstack to track who triggered the sub-import:
0x00007ff6682fce12 (Unity) ImporterAssetResolver::ResolveAsset
0x00007ff6682cebc2 (Unity) ResolveArtifactV2
0x00007ff6682e7d60 (Unity) ImportToObjects
0x00007ff6682e71a8 (Unity) ImportAsset
0x00007ff668281238 (Unity) AssetImportWorker::Import
0x00007ff6682a691a (Unity) <lambda_4a0f5575432e8e69ec585d1ca7897980>::operator()
0x00007ff66832e2f2 (Unity) asio::detail::completion_handler<core::mutable_function<void __cdecl(void)> >::do_complete
0x00007ff668330450 (Unity) asio::detail::win_iocp_io_service::do_one
0x00007ff668333bce (Unity) asio::io_service::run
0x00007ff6682cf8db (Unity) RunAssetImportWorkerClientV2
0x00007ff6682cf930 (Unity) RunAssetImporterV2
0x00007ff667d75b49 (Unity) Application::InitializeProject
0x00007ff6681cb4f2 (Unity) WinMain
0x00007ff66985bd4e (Unity) __scrt_common_main_seh
0x00007ffef4c87034 (KERNEL32) BaseThreadInitThunk
0x00007ffef5a62651 (ntdll) RtlUserThreadStart

Requesting import of Guid(771785fbc78a4914ab22b775d3e212db) Importer(-1,00000000000000000000000000000000), Assets/EasyInputSystem/EasyInputParent.prefab from editor
Resuming Guid(771785fbc78a4914ab22b775d3e212db) Importer(-1,00000000000000000000000000000000) -> 6c03dd531862dcd56e6b13b4d4314fd4 
Assertion failed on expression: 'state.state == kUpToDate'
Assertion failed on expression: 'state.artifactID == result'
Diagnostics callstack to track who triggered the sub-import:
0x00007ff6682fce12 (Unity) ImporterAssetResolver::ResolveAsset
0x00007ff6682cebc2 (Unity) ResolveArtifactV2
0x00007ff6682c6cb1 (Unity) ProduceArtifactV2
0x00007ff66825ce5e (Unity) AssetDatabase::ProduceArtifact
0x00007ff668246db8 (Unity) PreviewImporter::GenerateAssetData
0x00007ff6682e8132 (Unity) ImportToObjects
0x00007ff6682e71a8 (Unity) ImportAsset
0x00007ff668281238 (Unity) AssetImportWorker::Import
0x00007ff6682a691a (Unity) <lambda_4a0f5575432e8e69ec585d1ca7897980>::operator()
0x00007ff66832e2f2 (Unity) asio::detail::completion_handler<core::mutable_function<void __cdecl(void)> >::do_complete
0x00007ff668330450 (Unity) asio::detail::win_iocp_io_service::do_one
0x00007ff668333bce (Unity) asio::io_service::run
0x00007ff6682cf8db (Unity) RunAssetImportWorkerClientV2
0x00007ff6682cf930 (Unity) RunAssetImporterV2
0x00007ff667d75b49 (Unity) Application::InitializeProject
0x00007ff6681cb4f2 (Unity) WinMain
0x00007ff66985bd4e (Unity) __scrt_common_main_seh
0x00007ffef4c87034 (KERNEL32) BaseThreadInitThunk
0x00007ffef5a62651 (ntdll) RtlUserThreadStart

Requesting import of Guid(771785fbc78a4914ab22b775d3e212db) Importer(-1,00000000000000000000000000000000), Assets/EasyInputSystem/EasyInputParent.prefab from editor
Resuming Guid(771785fbc78a4914ab22b775d3e212db) Importer(-1,00000000000000000000000000000000) -> 6c03dd531862dcd56e6b13b4d4314fd4 
Assertion failed on expression: 'state.state == kUpToDate'
Assertion failed on expression: 'state.artifactID == result'
 -> (artifact id: 'e30d6726a6f8b9d5eee3c43a090c8912') in 0.027642 seconds 
  Import took 0.036601 seconds .

========================================================================
Received Import Request.
  Time since last request: 3.716220 seconds.
  path: Assets/EasyInputSystem/EasyInputParent.prefab
  artifactKey: Guid(771785fbc78a4914ab22b775d3e212db) Importer(815301076,1909f56bfc062723c751e8b465ee728b)
Start importing Assets/EasyInputSystem/EasyInputParent.prefab using Guid(771785fbc78a4914ab22b775d3e212db) Importer(815301076,1909f56bfc062723c751e8b465ee728b) Diagnostics callstack to track who triggered the sub-import:
0x00007ff6682fce12 (Unity) ImporterAssetResolver::ResolveAsset
0x00007ff6682cebc2 (Unity) ResolveArtifactV2
0x00007ff6682e7d60 (Unity) ImportToObjects
0x00007ff6682e71a8 (Unity) ImportAsset
0x00007ff668281238 (Unity) AssetImportWorker::Import
0x00007ff6682a691a (Unity) <lambda_4a0f5575432e8e69ec585d1ca7897980>::operator()
0x00007ff66832e2f2 (Unity) asio::detail::completion_handler<core::mutable_function<void __cdecl(void)> >::do_complete
0x00007ff668330450 (Unity) asio::detail::win_iocp_io_service::do_one
0x00007ff668333bce (Unity) asio::io_service::run
0x00007ff6682cf8db (Unity) RunAssetImportWorkerClientV2
0x00007ff6682cf930 (Unity) RunAssetImporterV2
0x00007ff667d75b49 (Unity) Application::InitializeProject
0x00007ff6681cb4f2 (Unity) WinMain
0x00007ff66985bd4e (Unity) __scrt_common_main_seh
0x00007ffef4c87034 (KERNEL32) BaseThreadInitThunk
0x00007ffef5a62651 (ntdll) RtlUserThreadStart

Requesting import of Guid(771785fbc78a4914ab22b775d3e212db) Importer(-1,00000000000000000000000000000000), Assets/EasyInputSystem/EasyInputParent.prefab from editor
Resuming Guid(771785fbc78a4914ab22b775d3e212db) Importer(-1,00000000000000000000000000000000) -> 6c03dd531862dcd56e6b13b4d4314fd4 
Assertion failed on expression: 'state.state == kUpToDate'
Assertion failed on expression: 'state.artifactID == result'
Diagnostics callstack to track who triggered the sub-import:
0x00007ff6682fce12 (Unity) ImporterAssetResolver::ResolveAsset
0x00007ff6682cebc2 (Unity) ResolveArtifactV2
0x00007ff6682c6cb1 (Unity) ProduceArtifactV2
0x00007ff66825ce5e (Unity) AssetDatabase::ProduceArtifact
0x00007ff668246db8 (Unity) PreviewImporter::GenerateAssetData
0x00007ff6682e8132 (Unity) ImportToObjects
0x00007ff6682e71a8 (Unity) ImportAsset
0x00007ff668281238 (Unity) AssetImportWorker::Import
0x00007ff6682a691a (Unity) <lambda_4a0f5575432e8e69ec585d1ca7897980>::operator()
0x00007ff66832e2f2 (Unity) asio::detail::completion_handler<core::mutable_function<void __cdecl(void)> >::do_complete
0x00007ff668330450 (Unity) asio::detail::win_iocp_io_service::do_one
0x00007ff668333bce (Unity) asio::io_service::run
0x00007ff6682cf8db (Unity) RunAssetImportWorkerClientV2
0x00007ff6682cf930 (Unity) RunAssetImporterV2
0x00007ff667d75b49 (Unity) Application::InitializeProject
0x00007ff6681cb4f2 (Unity) WinMain
0x00007ff66985bd4e (Unity) __scrt_common_main_seh
0x00007ffef4c87034 (KERNEL32) BaseThreadInitThunk
0x00007ffef5a62651 (ntdll) RtlUserThreadStart

Requesting import of Guid(771785fbc78a4914ab22b775d3e212db) Importer(-1,00000000000000000000000000000000), Assets/EasyInputSystem/EasyInputParent.prefab from editor
Resuming Guid(771785fbc78a4914ab22b775d3e212db) Importer(-1,00000000000000000000000000000000) -> 6c03dd531862dcd56e6b13b4d4314fd4 
Assertion failed on expression: 'state.state == kUpToDate'
Assertion failed on expression: 'state.artifactID == result'
 -> (artifact id: 'e30d6726a6f8b9d5eee3c43a090c8912') in 0.018149 seconds 
  Import took 0.043725 seconds .

========================================================================
Received Import Request.
  Time since last request: 17.567624 seconds.
  path: Assets/EasyInputSystem/Sprites
  artifactKey: Guid(f8f87c9239b4cf64faa4f615ec9b268e) Importer(815301076,1909f56bfc062723c751e8b465ee728b)
Start importing Assets/EasyInputSystem/Sprites using Guid(f8f87c9239b4cf64faa4f615ec9b268e) Importer(815301076,1909f56bfc062723c751e8b465ee728b)  -> (artifact id: 'e50bbefff607adc752805a2210a47fb3') in 0.006678 seconds 
  Import took 0.011017 seconds .

========================================================================
Received Import Request.
  Time since last request: 0.136088 seconds.
  path: Assets/EasyInputSystem/Space Shooter Assets
  artifactKey: Guid(c9e1df9e4ea5cdc4199bd4b9b46eea46) Importer(815301076,1909f56bfc062723c751e8b465ee728b)
Start importing Assets/EasyInputSystem/Space Shooter Assets using Guid(c9e1df9e4ea5cdc4199bd4b9b46eea46) Importer(815301076,1909f56bfc062723c751e8b465ee728b)  -> (artifact id: '1e03b75d9072c5da3d150bc4e653ed51') in 0.021650 seconds 
  Import took 0.033344 seconds .

========================================================================
Received Import Request.
  Time since last request: 8.607209 seconds.
  path: Assets/EasyInputSystem/EasyInputParent.prefab
  artifactKey: Guid(771785fbc78a4914ab22b775d3e212db) Importer(815301076,1909f56bfc062723c751e8b465ee728b)
Start importing Assets/EasyInputSystem/EasyInputParent.prefab using Guid(771785fbc78a4914ab22b775d3e212db) Importer(815301076,1909f56bfc062723c751e8b465ee728b) Diagnostics callstack to track who triggered the sub-import:
0x00007ff6682fce12 (Unity) ImporterAssetResolver::ResolveAsset
0x00007ff6682cebc2 (Unity) ResolveArtifactV2
0x00007ff6682e7d60 (Unity) ImportToObjects
0x00007ff6682e71a8 (Unity) ImportAsset
0x00007ff668281238 (Unity) AssetImportWorker::Import
0x00007ff6682a691a (Unity) <lambda_4a0f5575432e8e69ec585d1ca7897980>::operator()
0x00007ff66832e2f2 (Unity) asio::detail::completion_handler<core::mutable_function<void __cdecl(void)> >::do_complete
0x00007ff668330450 (Unity) asio::detail::win_iocp_io_service::do_one
0x00007ff668333bce (Unity) asio::io_service::run
0x00007ff6682cf8db (Unity) RunAssetImportWorkerClientV2
0x00007ff6682cf930 (Unity) RunAssetImporterV2
0x00007ff667d75b49 (Unity) Application::InitializeProject
0x00007ff6681cb4f2 (Unity) WinMain
0x00007ff66985bd4e (Unity) __scrt_common_main_seh
0x00007ffef4c87034 (KERNEL32) BaseThreadInitThunk
0x00007ffef5a62651 (ntdll) RtlUserThreadStart

Requesting import of Guid(771785fbc78a4914ab22b775d3e212db) Importer(-1,00000000000000000000000000000000), Assets/EasyInputSystem/EasyInputParent.prefab from editor
Resuming Guid(771785fbc78a4914ab22b775d3e212db) Importer(-1,00000000000000000000000000000000) -> 6c03dd531862dcd56e6b13b4d4314fd4 
Assertion failed on expression: 'state.state == kUpToDate'
Assertion failed on expression: 'state.artifactID == result'
Diagnostics callstack to track who triggered the sub-import:
0x00007ff6682fce12 (Unity) ImporterAssetResolver::ResolveAsset
0x00007ff6682cebc2 (Unity) ResolveArtifactV2
0x00007ff6682c6cb1 (Unity) ProduceArtifactV2
0x00007ff66825ce5e (Unity) AssetDatabase::ProduceArtifact
0x00007ff668246db8 (Unity) PreviewImporter::GenerateAssetData
0x00007ff6682e8132 (Unity) ImportToObjects
0x00007ff6682e71a8 (Unity) ImportAsset
0x00007ff668281238 (Unity) AssetImportWorker::Import
0x00007ff6682a691a (Unity) <lambda_4a0f5575432e8e69ec585d1ca7897980>::operator()
0x00007ff66832e2f2 (Unity) asio::detail::completion_handler<core::mutable_function<void __cdecl(void)> >::do_complete
0x00007ff668330450 (Unity) asio::detail::win_iocp_io_service::do_one
0x00007ff668333bce (Unity) asio::io_service::run
0x00007ff6682cf8db (Unity) RunAssetImportWorkerClientV2
0x00007ff6682cf930 (Unity) RunAssetImporterV2
0x00007ff667d75b49 (Unity) Application::InitializeProject
0x00007ff6681cb4f2 (Unity) WinMain
0x00007ff66985bd4e (Unity) __scrt_common_main_seh
0x00007ffef4c87034 (KERNEL32) BaseThreadInitThunk
0x00007ffef5a62651 (ntdll) RtlUserThreadStart

Requesting import of Guid(771785fbc78a4914ab22b775d3e212db) Importer(-1,00000000000000000000000000000000), Assets/EasyInputSystem/EasyInputParent.prefab from editor
Resuming Guid(771785fbc78a4914ab22b775d3e212db) Importer(-1,00000000000000000000000000000000) -> 6c03dd531862dcd56e6b13b4d4314fd4 
Assertion failed on expression: 'state.state == kUpToDate'
Assertion failed on expression: 'state.artifactID == result'
 -> (artifact id: 'e30d6726a6f8b9d5eee3c43a090c8912') in 0.022655 seconds 
  Import took 0.040069 seconds .

========================================================================
Received Prepare
Registering precompiled user dll's ...
Registered in 0.003937 seconds.
Begin MonoManager ReloadAssembly
Native extension for WindowsStandalone target not found
Refreshing native plugins compatible for Editor in 59.04 ms, found 3 plugins.
Preloading 0 native plugins for Editor in 0.00 ms.
Mono: successfully reloaded assembly
- Completed reload, in  1.042 seconds
Domain Reload Profiling:
	ReloadAssembly (1043ms)
		BeginReloadAssembly (156ms)
			ExecutionOrderSort (0ms)
			DisableScriptedObjects (7ms)
			BackupInstance (0ms)
			ReleaseScriptingObjects (0ms)
			CreateAndSetChildDomain (45ms)
		EndReloadAssembly (820ms)
			LoadAssemblies (102ms)
			RebuildTransferFunctionScriptingTraits (0ms)
			SetupTypeCache (294ms)
			ReleaseScriptCaches (1ms)
			RebuildScriptCaches (35ms)
			SetupLoadedEditorAssemblies (272ms)
				LogAssemblyErrors (0ms)
				InitializePlatformSupportModulesInManaged (4ms)
				SetLoadedEditorAssemblies (0ms)
				RefreshPlugins (59ms)
				BeforeProcessingInitializeOnLoad (90ms)
				ProcessInitializeOnLoadAttributes (105ms)
				ProcessInitializeOnLoadMethodAttributes (5ms)
				AfterProcessingInitializeOnLoad (8ms)
				EditorAssembliesLoaded (1ms)
			ExecutionOrderSort2 (0ms)
			AwakeInstancesAfterBackupRestoration (8ms)
Platform modules already initialized, skipping
Refreshing native plugins compatible for Editor in 0.74 ms, found 3 plugins.
Preloading 0 native plugins for Editor in 0.00 ms.
Unloading 2537 Unused Serialized files (Serialized files now loaded: 0)
System memory in use before: 107.9 MB.
System memory in use after: 108.0 MB.

Unloading 22 unused Assets to reduce memory usage. Loaded Objects now: 2970.
Total: 2.930600 ms (FindLiveObjects: 0.279800 ms CreateObjectMapping: 0.096600 ms MarkObjects: 2.426200 ms  DeleteObjects: 0.127100 ms)

AssetImportParameters requested are different than current active one (requested -> active):
  custom:framework-win-MediaFoundation: 216162199b28c13a410421893ffa2e32 -> 
  custom:video-decoder-ogg-theora: a1e56fd34408186e4bbccfd4996cb3dc -> 
  custom:container-muxer-webm: aa71ff27fc2769a1b78a27578f13a17b -> 
  custom:container-demuxer-webm: 4f35f7cbe854078d1ac9338744f61a02 -> 
  custom:container-demuxer-ogg: 62fdf1f143b41e24485cea50d1cbac27 -> 
  custom:video-encoder-webm-vp8: eb34c28f22e8b96e1ab97ce403110664 -> 
  custom:video-decoder-webm-vp8: 9c59270c3fd7afecdb556c50c9e8de78 -> 
  custom:audio-decoder-ogg-vorbis: bf7c407c2cedff20999df2af8eb42d56 -> 
  custom:audio-encoder-webm-vorbis: bf7c407c2cedff20999df2af8eb42d56 -> 
AssetImportWorkerClient::OnTransportError - code=2 error=End of file
